{"logTime": "0625/213919", "correlationVector":"dIbOQG1LpKQEtCxaUmgqGB.1","action":"SyncServerConnectionManagerRequest", "result":"SYNC_SERVER_OK", "context":{"environment":"Prod_brazilsouth_prod-s01-001-sam-brazilsouth", "migrationStage":"NotStarted", "server":"akswtt00500001t"}}
{"logTime": "0625/213919", "correlationVector":"dIbOQG1LpKQEtCxaUmgqGB.2","action":"ProcessGetUpdates", "result":"Done", "context":{"dataType":"Encryption Keys", "deleted":"0", "process_failed_to_decrypt":"0", "process_pending_decryption":"0", "process_success":"1", "total":"1"}}
{"logTime": "0625/213920", "correlationVector":"yzzmitkhNzIsWwPBul2PHo","action":"SyncServerConnectionManagerRequest", "result":"SYNC_SERVER_OK", "context":{"environment":"", "migrationStage":"", "server":""}}
{"logTime": "0625/213920", "correlationVector":"yzzmitkhNzIsWwPBul2PHo.0","action":"EncryptionKeysFetcher.DownloadKeys:", "result":"Success", "context":Key count: 8, Last key timestamp: 2025-12-31T16:20:48Z}
{"logTime": "0625/213920", "correlationVector":"yzzmitkhNzIsWwPBul2PHo.1","action":"EncryptionKeysManager::SetEncryptionKeys:", "result":"Success", "context":Key names[8]:[SAFQmyVbTqC8B45fBFrG66/YtYqc5cmw3nECn4AEep8ORNC6KqTPJ57NlXowYmpaX/Eg9wO9zllB46vsUbzhQQ==][VRGObfgXJyGIvXi8Ig0k9CpAjhNGsjxvA51Xs5CZJAeeXRUQmu79Y74DiXs6dCskEvffEFJ6ATCta4NzDdZmnw==][A6AgGXJvKSjSay+1jyrW3YHpp8K1pF/2wniazNLeWyon/v0z9xkM7PkI06FSW5oP9H26oW6jUfaHq3bGUSPA3g==][o0smj0YRY3ZEKFmkh/I8W/tHhpc99uaNdWxS2eayQIYkkzezdBBdPFbgPZlgyrtQurpVjE9Lt0GdSSeIhOEXvA==][aoegBm9aHPxz6O4nnFBC6HRWoBmIuE5DgykZ5y0e8xs3m3vQmTtsP0bOUVTEoaMfpBvsDphS8oc/k4lml2ipXQ==][vnHsCz1dyRikvYv+OrSIxJoRwCQu4Tw7p4FXYXh90Z8eHY/6nKukwulIBjg65NAGXC7W7DhEVnXyCEXkqogcug==][81lbomeD5uJbDeox4LRXwJgATay7NlJc9XBEPWneDyWqhD6kz1TXyIP+GRKgZg308KQibb8BX9WnpDbpLnn41w==][hwk+X3UAbCY8D0DHvQYcNahPJPokfwP21IgQKhRU8OG4BXQI2g4VrbbsrmI9+DWfih2rq/BOc3dDyrVx5L8D4Q==]}
{"logTime": "0625/213920", "correlationVector":"yzzmitkhNzIsWwPBul2PHo.2","action":"EncryptionKeysManager::SetEncryptionKeysWithTimestamps:", "result":"Success", "context":Key timestamps[8]:[2021-10-23T21:14:49Z][2022-04-22T01:03:31Z][2022-12-09T16:14:23Z][2023-07-05T02:28:13Z][2024-01-04T01:50:52Z][2024-12-06T21:49:33Z][2025-06-26T20:50:02Z][2025-12-31T16:20:48Z]}
{"logTime": "0625/213920", "correlationVector":"dIbOQG1LpKQEtCxaUmgqGB","action":"Initial GetUpdates", "result":"", "context":Reason: NEW_CLIENT. cV=dIbOQG1LpKQEtCxaUmgqGB}
{"logTime": "0625/213920", "correlationVector":"dIbOQG1LpKQEtCxaUmgqGB.3","action":"GetUpdates Response", "result":"Success", "context":Received 1 update(s). cV=dIbOQG1LpKQEtCxaUmgqGB.0;server=akswtt00500001t;cloudType=Consumer;environment=Prod_brazilsouth_prod-s01-001-sam-brazilsouth;migrationStage=NotStarted}
{"logTime": "0625/213920", "correlationVector":"CNIU2xGi3pqayeXaV39yIE","action":"Initial GetUpdates", "result":"", "context":Reason: NEWLY_SUPPORTED_DATATYPE. cV=CNIU2xGi3pqayeXaV39yIE}
{"logTime": "0625/213920", "correlationVector":"CNIU2xGi3pqayeXaV39yIE.1","action":"SyncServerConnectionManagerRequest", "result":"SYNC_SERVER_OK", "context":{"environment":"Prod_brazilsouth_prod-s01-001-sam-brazilsouth", "migrationStage":"NotStarted", "server":"akswtt00500002k"}}
{"logTime": "0625/213920", "correlationVector":"CNIU2xGi3pqayeXaV39yIE.2","action":"ProcessGetUpdates", "result":"Done", "context":{"dataType":"Preferences", "deleted":"0", "process_failed_to_decrypt":"0", "process_pending_decryption":"0", "process_success":"72", "total":"72"}}
{"logTime": "0625/213920", "correlationVector":"CNIU2xGi3pqayeXaV39yIE.3","action":"ProcessGetUpdates", "result":"Done", "context":{"dataType":"Passwords", "deleted":"0", "process_failed_to_decrypt":"0", "process_pending_decryption":"0", "process_success":"22", "total":"22"}}
{"logTime": "0625/213920", "correlationVector":"CNIU2xGi3pqayeXaV39yIE.4","action":"ProcessGetUpdates", "result":"Done", "context":{"dataType":"Device Info", "deleted":"0", "process_failed_to_decrypt":"0", "process_pending_decryption":"0", "process_success":"32", "total":"32"}}
{"logTime": "0625/213920", "correlationVector":"CNIU2xGi3pqayeXaV39yIE.5","action":"GetUpdates Response", "result":"Success", "context":Received 126 update(s). cV=CNIU2xGi3pqayeXaV39yIE.0;server=akswtt00500002k;cloudType=Consumer;environment=Prod_brazilsouth_prod-s01-001-sam-brazilsouth;migrationStage=NotStarted}
{"logTime": "0625/213920", "correlationVector":"SezjeMAt9Au9EnASHaQjIZ","action":"Initial GetUpdates", "result":"", "context":Reason: NEWLY_SUPPORTED_DATATYPE. cV=SezjeMAt9Au9EnASHaQjIZ}
{"logTime": "0625/213921", "correlationVector":"SezjeMAt9Au9EnASHaQjIZ.1","action":"SyncServerConnectionManagerRequest", "result":"SYNC_SERVER_OK", "context":{"environment":"Prod_brazilsouth_prod-s01-001-sam-brazilsouth", "migrationStage":"NotStarted", "server":"akswtt00500002s"}}
{"logTime": "0625/213921", "correlationVector":"SezjeMAt9Au9EnASHaQjIZ.2","action":"ProcessGetUpdates", "result":"Done", "context":{"dataType":"Bookmarks", "deleted":"0", "process_failed_to_decrypt":"0", "process_pending_decryption":"0", "process_success":"23", "total":"23"}}
{"logTime": "0625/213921", "correlationVector":"SezjeMAt9Au9EnASHaQjIZ.3","action":"GetUpdates Response", "result":"Success", "context":Received 23 update(s). cV=SezjeMAt9Au9EnASHaQjIZ.0;server=akswtt00500002s;cloudType=Consumer;environment=Prod_brazilsouth_prod-s01-001-sam-brazilsouth;migrationStage=NotStarted}
{"logTime": "0625/213921", "correlationVector":"o1pvfUxxoVtNOGlIjJJKl+","action":"Initial GetUpdates", "result":"", "context":Reason: NEWLY_SUPPORTED_DATATYPE. cV=o1pvfUxxoVtNOGlIjJJKl+}
{"logTime": "0625/213922", "correlationVector":"o1pvfUxxoVtNOGlIjJJKl+.1","action":"SyncServerConnectionManagerRequest", "result":"SYNC_SERVER_OK", "context":{"environment":"Prod_brazilsouth_prod-s01-001-sam-brazilsouth", "migrationStage":"NotStarted", "server":"akswtt00500001z"}}
{"logTime": "0625/213922", "correlationVector":"o1pvfUxxoVtNOGlIjJJKl+.2","action":"ProcessGetUpdates", "result":"Done", "context":{"dataType":"Autofill", "deleted":"0", "process_failed_to_decrypt":"0", "process_pending_decryption":"0", "process_success":"250", "total":"250"}}
{"logTime": "0625/213922", "correlationVector":"o1pvfUxxoVtNOGlIjJJKl+.3","action":"GetUpdates Response", "result":"Success", "context":Received 250 update(s). cV=o1pvfUxxoVtNOGlIjJJKl+.0;server=akswtt00500001z;cloudType=Consumer;environment=Prod_brazilsouth_prod-s01-001-sam-brazilsouth;migrationStage=NotStarted Some updates remain.}
{"logTime": "0625/213922", "correlationVector":"ctTHgTT7GBeOdqAKT7XmDV","action":"Initial GetUpdates", "result":"", "context":Reason: NEWLY_SUPPORTED_DATATYPE. cV=ctTHgTT7GBeOdqAKT7XmDV}
{"logTime": "0625/213922", "correlationVector":"ctTHgTT7GBeOdqAKT7XmDV.1","action":"SyncServerConnectionManagerRequest", "result":"SYNC_SERVER_OK", "context":{"environment":"Prod_brazilsouth_prod-s01-001-sam-brazilsouth", "migrationStage":"NotStarted", "server":"akswtt00500001z"}}
{"logTime": "0625/213922", "correlationVector":"ctTHgTT7GBeOdqAKT7XmDV.2","action":"ProcessGetUpdates", "result":"Done", "context":{"dataType":"Autofill Profiles", "deleted":"0", "process_failed_to_decrypt":"0", "process_pending_decryption":"0", "process_success":"1", "total":"1"}}
{"logTime": "0625/213922", "correlationVector":"ctTHgTT7GBeOdqAKT7XmDV.3","action":"ProcessGetUpdates", "result":"Done", "context":{"dataType":"Autofill", "deleted":"0", "process_failed_to_decrypt":"0", "process_pending_decryption":"0", "process_success":"182", "total":"182"}}
{"logTime": "0625/213922", "correlationVector":"ctTHgTT7GBeOdqAKT7XmDV.4","action":"ProcessGetUpdates", "result":"Done", "context":{"dataType":"Sessions", "deleted":"6", "process_failed_to_decrypt":"0", "process_pending_decryption":"0", "process_success":"8", "total":"8"}}
{"logTime": "0625/213922", "correlationVector":"ctTHgTT7GBeOdqAKT7XmDV.5","action":"ProcessGetUpdates", "result":"Done", "context":{"dataType":"Edge Hub App Usage", "deleted":"2", "process_failed_to_decrypt":"0", "process_pending_decryption":"0", "process_success":"5", "total":"5"}}
{"logTime": "0625/213922", "correlationVector":"ctTHgTT7GBeOdqAKT7XmDV.6","action":"GetUpdates Response", "result":"Success", "context":Received 196 update(s). cV=ctTHgTT7GBeOdqAKT7XmDV.0;server=akswtt00500001z;cloudType=Consumer;environment=Prod_brazilsouth_prod-s01-001-sam-brazilsouth;migrationStage=NotStarted}
{"logTime": "0625/213922", "correlationVector":"1eJlQe6zkWT11zHhiUp4Ja","action":"Initial GetUpdates", "result":"", "context":Reason: NEWLY_SUPPORTED_DATATYPE. cV=1eJlQe6zkWT11zHhiUp4Ja}
{"logTime": "0625/213923", "correlationVector":"1eJlQe6zkWT11zHhiUp4Ja.1","action":"SyncServerConnectionManagerRequest", "result":"SYNC_SERVER_OK", "context":{"environment":"Prod_brazilsouth_prod-s01-001-sam-brazilsouth", "migrationStage":"NotStarted", "server":"akswtt00500002d"}}
{"logTime": "0625/213923", "correlationVector":"1eJlQe6zkWT11zHhiUp4Ja.2","action":"ProcessGetUpdates", "result":"Done", "context":{"dataType":"History", "deleted":"0", "process_failed_to_decrypt":"0", "process_pending_decryption":"0", "process_success":"3", "total":"3"}}
{"logTime": "0625/213923", "correlationVector":"1eJlQe6zkWT11zHhiUp4Ja.3","action":"GetUpdates Response", "result":"Success", "context":Received 3 update(s). cV=1eJlQe6zkWT11zHhiUp4Ja.0;server=akswtt00500002d;cloudType=Consumer;environment=Prod_brazilsouth_prod-s01-001-sam-brazilsouth;migrationStage=NotStarted}
{"logTime": "0625/213923", "correlationVector":"+uAnt04D2vmNdu2UJ4/LDT","action":"Normal GetUpdate request", "result":"", "context":cV=+uAnt04D2vmNdu2UJ4/LDT
Nudged types: Sessions, Device Info, User Consents
Refresh requested types: Bookmarks, Preferences, Passwords, Autofill Profiles, Autofill, Extensions, Sessions, Extension settings, History Delete Directives, Device Info, User Consents, Send Tab To Self, Web Apps, History, Saved Tab Group, WebAuthn Credentials, Edge E Drop, Edge Hub App Usage, Edge Wallet, Edge Workspace, Encryption Keys}
{"logTime": "0625/213925", "correlationVector":"+uAnt04D2vmNdu2UJ4/LDT.1","action":"SyncServerConnectionManagerRequest", "result":"SYNC_SERVER_OK", "context":{"environment":"Prod_brazilsouth_prod-s01-001-sam-brazilsouth", "migrationStage":"NotStarted", "server":"akswtt00500002t"}}
{"logTime": "0625/213925", "correlationVector":"+uAnt04D2vmNdu2UJ4/LDT.2","action":"GetUpdates Response", "result":"Success", "context":Received 0 update(s). cV=+uAnt04D2vmNdu2UJ4/LDT.0;server=akswtt00500002t;cloudType=Consumer;environment=Prod_brazilsouth_prod-s01-001-sam-brazilsouth;migrationStage=NotStarted}
{"logTime": "0625/213925", "correlationVector":"DTMr6JqhprRQTs//SYFYZZ","action":"DoCompareDataConsistency requsted types: ", "result":"Bookmarks, Preferences, Passwords, Extensions, Extension settings, History Delete Directives, Send Tab To Self, Web Apps, History, Saved Tab Group, WebAuthn Credentials, Edge E Drop, Edge Wallet, Edge Workspace, Encryption Keys"}
{"logTime": "0625/213925", "correlationVector":"DTMr6JqhprRQTs//SYFYZZ.0","action":"CompareDataConsistency result: ", "result":"Compare result: Encryption Keys is consistent. local entities count is: 1 local entities hash is: PfNSZXOZATd3E8GSbFhFqd/pfM8="}
{"logTime": "0625/213925", "correlationVector":"DTMr6JqhprRQTs//SYFYZZ.1","action":"CompareDataConsistency result: ", "result":"Compare result: Bookmarks is consistent. local entities count is: 17 local entities hash is: E81JhP0GzowNy8FPm8vdcEQvReQ="}
{"logTime": "0625/213925", "correlationVector":"DTMr6JqhprRQTs//SYFYZZ.2","action":"CompareDataConsistency result: ", "result":"Compare result: Preferences is consistent. local entities count is: 72 local entities hash is: UDsvYhW5Vb1WMY74VvXODBPx+B4="}
{"logTime": "0625/213925", "correlationVector":"DTMr6JqhprRQTs//SYFYZZ.3","action":"CompareDataConsistency result: ", "result":"Compare result: Extensions is consistent. local entities count is: 0 local entities hash is: "}
{"logTime": "0625/213925", "correlationVector":"DTMr6JqhprRQTs//SYFYZZ.4","action":"CompareDataConsistency result: ", "result":"Compare result: Extension settings is consistent. local entities count is: 0 local entities hash is: "}
{"logTime": "0625/213925", "correlationVector":"DTMr6JqhprRQTs//SYFYZZ.5","action":"CompareDataConsistency result: ", "result":"Compare result: History Delete Directives is consistent. local entities count is: 0 local entities hash is: "}
{"logTime": "0625/213925", "correlationVector":"DTMr6JqhprRQTs//SYFYZZ.6","action":"CompareDataConsistency result: ", "result":"Server did not send this Send Tab To Self local entities count is: 0 local entities hash is: "}
{"logTime": "0625/213925", "correlationVector":"DTMr6JqhprRQTs//SYFYZZ.7","action":"CompareDataConsistency result: ", "result":"Compare result: Web Apps is consistent. local entities count is: 0 local entities hash is: "}
{"logTime": "0625/213925", "correlationVector":"DTMr6JqhprRQTs//SYFYZZ.8","action":"CompareDataConsistency result: ", "result":"Server did not send this History local entities count is: 0 local entities hash is: "}
{"logTime": "0625/213925", "correlationVector":"DTMr6JqhprRQTs//SYFYZZ.9","action":"CompareDataConsistency result: ", "result":"Compare result: Saved Tab Group is consistent. local entities count is: 0 local entities hash is: "}
{"logTime": "0625/213925", "correlationVector":"DTMr6JqhprRQTs//SYFYZZ.10","action":"CompareDataConsistency result: ", "result":"Server did not send this WebAuthn Credentials local entities count is: 0 local entities hash is: "}
{"logTime": "0625/213925", "correlationVector":"DTMr6JqhprRQTs//SYFYZZ.11","action":"CompareDataConsistency result: ", "result":"Compare result: Edge E Drop is consistent. local entities count is: 0 local entities hash is: "}
{"logTime": "0625/213925", "correlationVector":"DTMr6JqhprRQTs//SYFYZZ.12","action":"CompareDataConsistency result: ", "result":"Compare result: Edge Wallet is consistent. local entities count is: 0 local entities hash is: "}
{"logTime": "0625/213925", "correlationVector":"DTMr6JqhprRQTs//SYFYZZ.13","action":"CompareDataConsistency result: ", "result":"Server did not send this Edge Workspace local entities count is: 0 local entities hash is: "}
{"logTime": "0625/213925", "correlationVector":"DTMr6JqhprRQTs//SYFYZZ.14","action":"CompareDataConsistency result: ", "result":"Compare result: Passwords is consistent. local entities count is: 22 local entities hash is: 4kqY+2kVihmOQ3X7JeHU5bIJ7CU="}
{"logTime": "0625/213925", "correlationVector":"3T1wB8sAUFXLJsGH7YQmwL","action":"Commit Request", "result":"", "context":Item count: 4
Contributing types: Sessions, Device Info, User Consents}
{"logTime": "0625/213926", "correlationVector":"3T1wB8sAUFXLJsGH7YQmwL.1","action":"SyncServerConnectionManagerRequest", "result":"SYNC_SERVER_OK", "context":{"environment":"Prod_brazilsouth_prod-s01-001-sam-brazilsouth", "migrationStage":"NotStarted", "server":"akswtt00500002f"}}
{"logTime": "0625/213926", "correlationVector":"3T1wB8sAUFXLJsGH7YQmwL.2","action":"Commit Response", "result":"Success", "context":Result: Success. cV=3T1wB8sAUFXLJsGH7YQmwL.0;server=akswtt00500002f;cloudType=Consumer;environment=Prod_brazilsouth_prod-s01-001-sam-brazilsouth;migrationStage=NotStarted}
{"logTime": "0625/213926", "correlationVector":"","action":"DIAGNOSTIC_REQUEST|v1/diagnosticData/Diagnostic.SendCheckResult()|SUCCESS", "result":""}
{"logTime": "0625/213927", "correlationVector":"vK2Ld+8C3BjxhkqKdGIUmQ","action":"Commit Request", "result":"", "context":Item count: 7
Contributing types: Sessions, History}
{"logTime": "0625/213928", "correlationVector":"vK2Ld+8C3BjxhkqKdGIUmQ.1","action":"SyncServerConnectionManagerRequest", "result":"SYNC_SERVER_OK", "context":{"environment":"Prod_brazilsouth_prod-s01-001-sam-brazilsouth", "migrationStage":"NotStarted", "server":"akswtt00500002f"}}
{"logTime": "0625/213928", "correlationVector":"vK2Ld+8C3BjxhkqKdGIUmQ.2","action":"Commit Response", "result":"Success", "context":Result: Success. cV=vK2Ld+8C3BjxhkqKdGIUmQ.0;server=akswtt00500002f;cloudType=Consumer;environment=Prod_brazilsouth_prod-s01-001-sam-brazilsouth;migrationStage=NotStarted}
{"logTime": "0625/215310", "correlationVector":"u9EEf9h8bq9zQTTE3KrvAd","action":"Commit Request", "result":"", "context":Item count: 3
Contributing types: Sessions, History}
{"logTime": "0625/215311", "correlationVector":"u9EEf9h8bq9zQTTE3KrvAd.1","action":"SyncServerConnectionManagerRequest", "result":"SYNC_SERVER_OK", "context":{"environment":"Prod_brazilsouth_prod-s01-001-sam-brazilsouth", "migrationStage":"NotStarted", "server":"akswtt00500001k"}}
{"logTime": "0625/215311", "correlationVector":"u9EEf9h8bq9zQTTE3KrvAd.2","action":"Commit Response", "result":"Success", "context":Result: Success. cV=u9EEf9h8bq9zQTTE3KrvAd.0;server=akswtt00500001k;cloudType=Consumer;environment=Prod_brazilsouth_prod-s01-001-sam-brazilsouth;migrationStage=NotStarted}
{"logTime": "0625/193511", "correlationVector":"egGKmfi8lqkDdXk4lcqHBR.1","action":"SyncServerConnectionManagerRequest", "result":"SYNC_SERVER_OK", "context":{"environment":"Prod_brazilsouth_prod-s01-001-sam-brazilsouth", "migrationStage":"NotStarted", "server":"akswtt005000016"}}
{"logTime": "0625/193511", "correlationVector":"egGKmfi8lqkDdXk4lcqHBR.2","action":"ProcessGetUpdates", "result":"Done", "context":{"dataType":"Encryption Keys", "deleted":"0", "process_failed_to_decrypt":"0", "process_pending_decryption":"0", "process_success":"1", "total":"1"}}
{"logTime": "0625/193512", "correlationVector":"E8QlkCZ471ctsm406PWUoR","action":"SyncServerConnectionManagerRequest", "result":"SYNC_SERVER_OK", "context":{"environment":"", "migrationStage":"", "server":""}}
{"logTime": "0625/193512", "correlationVector":"E8QlkCZ471ctsm406PWUoR.0","action":"EncryptionKeysFetcher.DownloadKeys:", "result":"Success", "context":Key count: 8, Last key timestamp: 2025-12-31T16:20:48Z}
{"logTime": "0625/193512", "correlationVector":"E8QlkCZ471ctsm406PWUoR.1","action":"EncryptionKeysManager::SetEncryptionKeys:", "result":"Success", "context":Key names[8]:[SAFQmyVbTqC8B45fBFrG66/YtYqc5cmw3nECn4AEep8ORNC6KqTPJ57NlXowYmpaX/Eg9wO9zllB46vsUbzhQQ==][VRGObfgXJyGIvXi8Ig0k9CpAjhNGsjxvA51Xs5CZJAeeXRUQmu79Y74DiXs6dCskEvffEFJ6ATCta4NzDdZmnw==][A6AgGXJvKSjSay+1jyrW3YHpp8K1pF/2wniazNLeWyon/v0z9xkM7PkI06FSW5oP9H26oW6jUfaHq3bGUSPA3g==][o0smj0YRY3ZEKFmkh/I8W/tHhpc99uaNdWxS2eayQIYkkzezdBBdPFbgPZlgyrtQurpVjE9Lt0GdSSeIhOEXvA==][aoegBm9aHPxz6O4nnFBC6HRWoBmIuE5DgykZ5y0e8xs3m3vQmTtsP0bOUVTEoaMfpBvsDphS8oc/k4lml2ipXQ==][vnHsCz1dyRikvYv+OrSIxJoRwCQu4Tw7p4FXYXh90Z8eHY/6nKukwulIBjg65NAGXC7W7DhEVnXyCEXkqogcug==][81lbomeD5uJbDeox4LRXwJgATay7NlJc9XBEPWneDyWqhD6kz1TXyIP+GRKgZg308KQibb8BX9WnpDbpLnn41w==][hwk+X3UAbCY8D0DHvQYcNahPJPokfwP21IgQKhRU8OG4BXQI2g4VrbbsrmI9+DWfih2rq/BOc3dDyrVx5L8D4Q==]}
{"logTime": "0625/193512", "correlationVector":"E8QlkCZ471ctsm406PWUoR.2","action":"EncryptionKeysManager::SetEncryptionKeysWithTimestamps:", "result":"Success", "context":Key timestamps[8]:[2021-10-23T21:14:49Z][2022-04-22T01:03:31Z][2022-12-09T16:14:23Z][2023-07-05T02:28:13Z][2024-01-04T01:50:52Z][2024-12-06T21:49:33Z][2025-06-26T20:50:02Z][2025-12-31T16:20:48Z]}
{"logTime": "0625/193512", "correlationVector":"egGKmfi8lqkDdXk4lcqHBR","action":"Initial GetUpdates", "result":"", "context":Reason: NEW_CLIENT. cV=egGKmfi8lqkDdXk4lcqHBR}
{"logTime": "0625/193512", "correlationVector":"egGKmfi8lqkDdXk4lcqHBR.3","action":"GetUpdates Response", "result":"Success", "context":Received 1 update(s). cV=egGKmfi8lqkDdXk4lcqHBR.0;server=akswtt005000016;cloudType=Consumer;environment=Prod_brazilsouth_prod-s01-001-sam-brazilsouth;migrationStage=NotStarted}
{"logTime": "0625/193512", "correlationVector":"A3Ag2Wm8A2NDT0hwOwcr/G","action":"Initial GetUpdates", "result":"", "context":Reason: NEWLY_SUPPORTED_DATATYPE. cV=A3Ag2Wm8A2NDT0hwOwcr/G}
{"logTime": "0625/193512", "correlationVector":"A3Ag2Wm8A2NDT0hwOwcr/G.1","action":"SyncServerConnectionManagerRequest", "result":"SYNC_SERVER_OK", "context":{"environment":"Prod_brazilsouth_prod-s01-001-sam-brazilsouth", "migrationStage":"NotStarted", "server":"akswtt00500002d"}}
{"logTime": "0625/193512", "correlationVector":"A3Ag2Wm8A2NDT0hwOwcr/G.2","action":"ProcessGetUpdates", "result":"Done", "context":{"dataType":"Preferences", "deleted":"0", "process_failed_to_decrypt":"0", "process_pending_decryption":"0", "process_success":"72", "total":"72"}}
{"logTime": "0625/193512", "correlationVector":"A3Ag2Wm8A2NDT0hwOwcr/G.3","action":"ProcessGetUpdates", "result":"Done", "context":{"dataType":"Passwords", "deleted":"0", "process_failed_to_decrypt":"0", "process_pending_decryption":"0", "process_success":"22", "total":"22"}}
{"logTime": "0625/193512", "correlationVector":"A3Ag2Wm8A2NDT0hwOwcr/G.4","action":"ProcessGetUpdates", "result":"Done", "context":{"dataType":"Device Info", "deleted":"0", "process_failed_to_decrypt":"0", "process_pending_decryption":"0", "process_success":"33", "total":"33"}}
{"logTime": "0625/193512", "correlationVector":"A3Ag2Wm8A2NDT0hwOwcr/G.5","action":"GetUpdates Response", "result":"Success", "context":Received 127 update(s). cV=A3Ag2Wm8A2NDT0hwOwcr/G.0;server=akswtt00500002d;cloudType=Consumer;environment=Prod_brazilsouth_prod-s01-001-sam-brazilsouth;migrationStage=NotStarted}
{"logTime": "0625/193512", "correlationVector":"rj0zL2qOFmaf2VlHZ7FnQy","action":"Initial GetUpdates", "result":"", "context":Reason: NEWLY_SUPPORTED_DATATYPE. cV=rj0zL2qOFmaf2VlHZ7FnQy}
{"logTime": "0625/193513", "correlationVector":"rj0zL2qOFmaf2VlHZ7FnQy.1","action":"SyncServerConnectionManagerRequest", "result":"SYNC_SERVER_OK", "context":{"environment":"Prod_brazilsouth_prod-s01-001-sam-brazilsouth", "migrationStage":"NotStarted", "server":"akswtt00500002p"}}
{"logTime": "0625/193513", "correlationVector":"rj0zL2qOFmaf2VlHZ7FnQy.2","action":"ProcessGetUpdates", "result":"Done", "context":{"dataType":"Bookmarks", "deleted":"0", "process_failed_to_decrypt":"0", "process_pending_decryption":"0", "process_success":"23", "total":"23"}}
{"logTime": "0625/193513", "correlationVector":"rj0zL2qOFmaf2VlHZ7FnQy.3","action":"GetUpdates Response", "result":"Success", "context":Received 23 update(s). cV=rj0zL2qOFmaf2VlHZ7FnQy.0;server=akswtt00500002p;cloudType=Consumer;environment=Prod_brazilsouth_prod-s01-001-sam-brazilsouth;migrationStage=NotStarted}
{"logTime": "0625/193513", "correlationVector":"/W0ZQwm2NIomSTPN71NtHf","action":"Initial GetUpdates", "result":"", "context":Reason: NEWLY_SUPPORTED_DATATYPE. cV=/W0ZQwm2NIomSTPN71NtHf}
{"logTime": "0625/193514", "correlationVector":"/W0ZQwm2NIomSTPN71NtHf.1","action":"SyncServerConnectionManagerRequest", "result":"SYNC_SERVER_OK", "context":{"environment":"Prod_brazilsouth_prod-s01-001-sam-brazilsouth", "migrationStage":"NotStarted", "server":"akswtt005000016"}}
{"logTime": "0625/193514", "correlationVector":"/W0ZQwm2NIomSTPN71NtHf.2","action":"ProcessGetUpdates", "result":"Done", "context":{"dataType":"Autofill", "deleted":"0", "process_failed_to_decrypt":"0", "process_pending_decryption":"0", "process_success":"250", "total":"250"}}
{"logTime": "0625/193514", "correlationVector":"/W0ZQwm2NIomSTPN71NtHf.3","action":"GetUpdates Response", "result":"Success", "context":Received 250 update(s). cV=/W0ZQwm2NIomSTPN71NtHf.0;server=akswtt005000016;cloudType=Consumer;environment=Prod_brazilsouth_prod-s01-001-sam-brazilsouth;migrationStage=NotStarted Some updates remain.}
{"logTime": "0625/193514", "correlationVector":"gmgdjwHETqHuPGqTWl9h1t","action":"Initial GetUpdates", "result":"", "context":Reason: NEWLY_SUPPORTED_DATATYPE. cV=gmgdjwHETqHuPGqTWl9h1t}
{"logTime": "0625/193515", "correlationVector":"gmgdjwHETqHuPGqTWl9h1t.1","action":"SyncServerConnectionManagerRequest", "result":"SYNC_SERVER_OK", "context":{"environment":"Prod_brazilsouth_prod-s01-001-sam-brazilsouth", "migrationStage":"NotStarted", "server":"akswtt00500001t"}}
{"logTime": "0625/193515", "correlationVector":"gmgdjwHETqHuPGqTWl9h1t.2","action":"ProcessGetUpdates", "result":"Done", "context":{"dataType":"Autofill Profiles", "deleted":"0", "process_failed_to_decrypt":"0", "process_pending_decryption":"0", "process_success":"1", "total":"1"}}
{"logTime": "0625/193515", "correlationVector":"gmgdjwHETqHuPGqTWl9h1t.3","action":"ProcessGetUpdates", "result":"Done", "context":{"dataType":"Autofill", "deleted":"0", "process_failed_to_decrypt":"0", "process_pending_decryption":"0", "process_success":"182", "total":"182"}}
{"logTime": "0625/193515", "correlationVector":"gmgdjwHETqHuPGqTWl9h1t.4","action":"ProcessGetUpdates", "result":"Done", "context":{"dataType":"Sessions", "deleted":"6", "process_failed_to_decrypt":"0", "process_pending_decryption":"0", "process_success":"10", "total":"10"}}
{"logTime": "0625/193515", "correlationVector":"gmgdjwHETqHuPGqTWl9h1t.5","action":"ProcessGetUpdates", "result":"Done", "context":{"dataType":"Edge Hub App Usage", "deleted":"2", "process_failed_to_decrypt":"0", "process_pending_decryption":"0", "process_success":"5", "total":"5"}}
{"logTime": "0625/193515", "correlationVector":"gmgdjwHETqHuPGqTWl9h1t.6","action":"GetUpdates Response", "result":"Success", "context":Received 198 update(s). cV=gmgdjwHETqHuPGqTWl9h1t.0;server=akswtt00500001t;cloudType=Consumer;environment=Prod_brazilsouth_prod-s01-001-sam-brazilsouth;migrationStage=NotStarted}
{"logTime": "0625/193515", "correlationVector":"IONfALE/hFZPFvaIX3Oq1+","action":"Initial GetUpdates", "result":"", "context":Reason: NEWLY_SUPPORTED_DATATYPE. cV=IONfALE/hFZPFvaIX3Oq1+}
{"logTime": "0625/193515", "correlationVector":"IONfALE/hFZPFvaIX3Oq1+.1","action":"SyncServerConnectionManagerRequest", "result":"SYNC_SERVER_OK", "context":{"environment":"Prod_brazilsouth_prod-s01-001-sam-brazilsouth", "migrationStage":"NotStarted", "server":"akswtt00500002r"}}
{"logTime": "0625/193515", "correlationVector":"IONfALE/hFZPFvaIX3Oq1+.2","action":"ProcessGetUpdates", "result":"Done", "context":{"dataType":"History", "deleted":"0", "process_failed_to_decrypt":"0", "process_pending_decryption":"0", "process_success":"10", "total":"10"}}
{"logTime": "0625/193515", "correlationVector":"IONfALE/hFZPFvaIX3Oq1+.3","action":"GetUpdates Response", "result":"Success", "context":Received 10 update(s). cV=IONfALE/hFZPFvaIX3Oq1+.0;server=akswtt00500002r;cloudType=Consumer;environment=Prod_brazilsouth_prod-s01-001-sam-brazilsouth;migrationStage=NotStarted}
{"logTime": "0625/193515", "correlationVector":"S/9JNwFCYvLSn+uZSGVCOp","action":"Normal GetUpdate request", "result":"", "context":cV=S/9JNwFCYvLSn+uZSGVCOp
Nudged types: Sessions, Device Info
Refresh requested types: Bookmarks, Preferences, Passwords, Autofill Profiles, Autofill, Extensions, Sessions, Extension settings, History Delete Directives, Device Info, User Consents, Send Tab To Self, Web Apps, History, Saved Tab Group, WebAuthn Credentials, Edge E Drop, Edge Hub App Usage, Edge Wallet, Edge Workspace, Encryption Keys}
{"logTime": "0625/193516", "correlationVector":"S/9JNwFCYvLSn+uZSGVCOp.1","action":"SyncServerConnectionManagerRequest", "result":"SYNC_SERVER_OK", "context":{"environment":"Prod_brazilsouth_prod-s01-001-sam-brazilsouth", "migrationStage":"NotStarted", "server":"akswtt005000021"}}
{"logTime": "0625/193516", "correlationVector":"S/9JNwFCYvLSn+uZSGVCOp.2","action":"GetUpdates Response", "result":"Success", "context":Received 0 update(s). cV=S/9JNwFCYvLSn+uZSGVCOp.0;server=akswtt005000021;cloudType=Consumer;environment=Prod_brazilsouth_prod-s01-001-sam-brazilsouth;migrationStage=NotStarted}
{"logTime": "0625/193516", "correlationVector":"hH5KwRhuzLd9mfVyoz/bIv","action":"DoCompareDataConsistency requsted types: ", "result":"Bookmarks, Preferences, Passwords, Extensions, Extension settings, History Delete Directives, Send Tab To Self, Web Apps, History, Saved Tab Group, WebAuthn Credentials, Edge E Drop, Edge Wallet, Edge Workspace, Encryption Keys"}
{"logTime": "0625/193516", "correlationVector":"hH5KwRhuzLd9mfVyoz/bIv.0","action":"CompareDataConsistency result: ", "result":"Compare result: Encryption Keys is consistent. local entities count is: 1 local entities hash is: PfNSZXOZATd3E8GSbFhFqd/pfM8="}
{"logTime": "0625/193516", "correlationVector":"hH5KwRhuzLd9mfVyoz/bIv.1","action":"CompareDataConsistency result: ", "result":"Compare result: Bookmarks is consistent. local entities count is: 17 local entities hash is: E81JhP0GzowNy8FPm8vdcEQvReQ="}
{"logTime": "0625/193516", "correlationVector":"hH5KwRhuzLd9mfVyoz/bIv.2","action":"CompareDataConsistency result: ", "result":"Compare result: Preferences is consistent. local entities count is: 72 local entities hash is: UDsvYhW5Vb1WMY74VvXODBPx+B4="}
{"logTime": "0625/193516", "correlationVector":"hH5KwRhuzLd9mfVyoz/bIv.3","action":"CompareDataConsistency result: ", "result":"Compare result: Extensions is consistent. local entities count is: 0 local entities hash is: "}
{"logTime": "0625/193516", "correlationVector":"hH5KwRhuzLd9mfVyoz/bIv.4","action":"CompareDataConsistency result: ", "result":"Compare result: Extension settings is consistent. local entities count is: 0 local entities hash is: "}
{"logTime": "0625/193516", "correlationVector":"hH5KwRhuzLd9mfVyoz/bIv.5","action":"CompareDataConsistency result: ", "result":"Compare result: History Delete Directives is consistent. local entities count is: 0 local entities hash is: "}
{"logTime": "0625/193516", "correlationVector":"hH5KwRhuzLd9mfVyoz/bIv.6","action":"CompareDataConsistency result: ", "result":"Server did not send this Send Tab To Self local entities count is: 0 local entities hash is: "}
{"logTime": "0625/193516", "correlationVector":"hH5KwRhuzLd9mfVyoz/bIv.7","action":"CompareDataConsistency result: ", "result":"Compare result: Web Apps is consistent. local entities count is: 0 local entities hash is: "}
{"logTime": "0625/193516", "correlationVector":"hH5KwRhuzLd9mfVyoz/bIv.8","action":"CompareDataConsistency result: ", "result":"Server did not send this History local entities count is: 0 local entities hash is: "}
{"logTime": "0625/193516", "correlationVector":"hH5KwRhuzLd9mfVyoz/bIv.9","action":"CompareDataConsistency result: ", "result":"Compare result: Saved Tab Group is consistent. local entities count is: 0 local entities hash is: "}
{"logTime": "0625/193516", "correlationVector":"hH5KwRhuzLd9mfVyoz/bIv.10","action":"CompareDataConsistency result: ", "result":"Server did not send this WebAuthn Credentials local entities count is: 0 local entities hash is: "}
{"logTime": "0625/193516", "correlationVector":"hH5KwRhuzLd9mfVyoz/bIv.11","action":"CompareDataConsistency result: ", "result":"Compare result: Edge E Drop is consistent. local entities count is: 0 local entities hash is: "}
{"logTime": "0625/193516", "correlationVector":"hH5KwRhuzLd9mfVyoz/bIv.12","action":"CompareDataConsistency result: ", "result":"Compare result: Edge Wallet is consistent. local entities count is: 0 local entities hash is: "}
{"logTime": "0625/193516", "correlationVector":"hH5KwRhuzLd9mfVyoz/bIv.13","action":"CompareDataConsistency result: ", "result":"Server did not send this Edge Workspace local entities count is: 0 local entities hash is: "}
{"logTime": "0625/193516", "correlationVector":"hH5KwRhuzLd9mfVyoz/bIv.14","action":"CompareDataConsistency result: ", "result":"Compare result: Passwords is consistent. local entities count is: 22 local entities hash is: 4kqY+2kVihmOQ3X7JeHU5bIJ7CU="}
{"logTime": "0625/193516", "correlationVector":"RT35eJh37l9y+0YnEM6/3F","action":"Commit Request", "result":"", "context":Item count: 3
Contributing types: Sessions, Device Info}
{"logTime": "0625/193517", "correlationVector":"RT35eJh37l9y+0YnEM6/3F.1","action":"SyncServerConnectionManagerRequest", "result":"SYNC_SERVER_OK", "context":{"environment":"Prod_brazilsouth_prod-s01-001-sam-brazilsouth", "migrationStage":"NotStarted", "server":"akswtt005000021"}}
{"logTime": "0625/193517", "correlationVector":"RT35eJh37l9y+0YnEM6/3F.2","action":"Commit Response", "result":"Success", "context":Result: Success. cV=RT35eJh37l9y+0YnEM6/3F.0;server=akswtt005000021;cloudType=Consumer;environment=Prod_brazilsouth_prod-s01-001-sam-brazilsouth;migrationStage=NotStarted}
{"logTime": "0625/193517", "correlationVector":"","action":"DIAGNOSTIC_REQUEST|v1/diagnosticData/Diagnostic.SendCheckResult()|SUCCESS", "result":""}
{"logTime": "0625/193619", "correlationVector":"pGTkMH+4g9AqsaNtZdjTax","action":"Commit Request", "result":"", "context":Item count: 3
Contributing types: Sessions, History}
{"logTime": "0625/193620", "correlationVector":"pGTkMH+4g9AqsaNtZdjTax.1","action":"SyncServerConnectionManagerRequest", "result":"SYNC_SERVER_OK", "context":{"environment":"Prod_brazilsouth_prod-s01-001-sam-brazilsouth", "migrationStage":"NotStarted", "server":"akswtt00500002r"}}
{"logTime": "0625/193620", "correlationVector":"pGTkMH+4g9AqsaNtZdjTax.2","action":"Commit Response", "result":"Success", "context":Result: Success. cV=pGTkMH+4g9AqsaNtZdjTax.0;server=akswtt00500002r;cloudType=Consumer;environment=Prod_brazilsouth_prod-s01-001-sam-brazilsouth;migrationStage=NotStarted}
{"logTime": "0625/194305", "correlationVector":"x+fQh3DHGEWb+Jmso1umB1","action":"Commit Request", "result":"", "context":Item count: 3
Contributing types: Sessions, History}
{"logTime": "0625/194306", "correlationVector":"x+fQh3DHGEWb+Jmso1umB1.1","action":"SyncServerConnectionManagerRequest", "result":"SYNC_SERVER_OK", "context":{"environment":"Prod_brazilsouth_prod-s01-001-sam-brazilsouth", "migrationStage":"NotStarted", "server":"akswtt005000020"}}
{"logTime": "0625/194306", "correlationVector":"x+fQh3DHGEWb+Jmso1umB1.2","action":"Commit Response", "result":"Success", "context":Result: Success. cV=x+fQh3DHGEWb+Jmso1umB1.0;server=akswtt005000020;cloudType=Consumer;environment=Prod_brazilsouth_prod-s01-001-sam-brazilsouth;migrationStage=NotStarted}
{"logTime": "0625/194516", "correlationVector":"zKrQUDURTpb4ATOOqk2zHd","action":"Commit Request", "result":"", "context":Item count: 4
Contributing types: Sessions, History}
{"logTime": "0625/194517", "correlationVector":"zKrQUDURTpb4ATOOqk2zHd.1","action":"SyncServerConnectionManagerRequest", "result":"SYNC_SERVER_OK", "context":{"environment":"Prod_brazilsouth_prod-s01-001-sam-brazilsouth", "migrationStage":"NotStarted", "server":"akswtt005000016"}}
{"logTime": "0625/194517", "correlationVector":"zKrQUDURTpb4ATOOqk2zHd.2","action":"Commit Response", "result":"Success", "context":Result: Success. cV=zKrQUDURTpb4ATOOqk2zHd.0;server=akswtt005000016;cloudType=Consumer;environment=Prod_brazilsouth_prod-s01-001-sam-brazilsouth;migrationStage=NotStarted}
{"logTime": "0625/194748", "correlationVector":"3vKO/X41Yl+Xh0jd0bBUOD","action":"Commit Request", "result":"", "context":Item count: 1
Contributing types: Sessions}
{"logTime": "0625/194749", "correlationVector":"3vKO/X41Yl+Xh0jd0bBUOD.1","action":"SyncServerConnectionManagerRequest", "result":"SYNC_SERVER_OK", "context":{"environment":"Prod_brazilsouth_prod-s01-001-sam-brazilsouth", "migrationStage":"NotStarted", "server":"akswtt00500001m"}}
{"logTime": "0625/194749", "correlationVector":"3vKO/X41Yl+Xh0jd0bBUOD.2","action":"Commit Response", "result":"Success", "context":Result: Success. cV=3vKO/X41Yl+Xh0jd0bBUOD.0;server=akswtt00500001m;cloudType=Consumer;environment=Prod_brazilsouth_prod-s01-001-sam-brazilsouth;migrationStage=NotStarted}
{"logTime": "0625/195007", "correlationVector":"I5oHdhHhNnQllRYICFRaSo","action":"History lookup request", "result":""}
{"logTime": "0625/195007", "correlationVector":"I5oHdhHhNnQllRYICFRaSo.0","action":"History lookup response", "result":"200", "context":{"server":"akswtt00500002r"}}
{"logTime": "0625/195008", "correlationVector":"hNAjYiuEtTD8JOrYk0EJj7","action":"History lookup request", "result":""}
{"logTime": "0625/195009", "correlationVector":"hNAjYiuEtTD8JOrYk0EJj7.0","action":"History lookup response", "result":"200", "context":{"server":"akswtt00500001m"}}
{"logTime": "0625/195012", "correlationVector":"MTYnNRvMR7LXbFi7oZSBGm","action":"History lookup request", "result":""}
{"logTime": "0625/195012", "correlationVector":"MTYnNRvMR7LXbFi7oZSBGm.0","action":"History lookup response", "result":"200", "context":{"server":"akswtt00500002d"}}
{"logTime": "0625/195049", "correlationVector":"IYLP4VeFWJ6XAL+T0PB1QS","action":"Commit Request", "result":"", "context":Item count: 4
Contributing types: Sessions, History}
{"logTime": "0625/195050", "correlationVector":"IYLP4VeFWJ6XAL+T0PB1QS.1","action":"SyncServerConnectionManagerRequest", "result":"SYNC_SERVER_OK", "context":{"environment":"Prod_brazilsouth_prod-s01-001-sam-brazilsouth", "migrationStage":"NotStarted", "server":"akswtt00500002k"}}
{"logTime": "0625/195050", "correlationVector":"IYLP4VeFWJ6XAL+T0PB1QS.2","action":"Commit Response", "result":"Success", "context":Result: Success. cV=IYLP4VeFWJ6XAL+T0PB1QS.0;server=akswtt00500002k;cloudType=Consumer;environment=Prod_brazilsouth_prod-s01-001-sam-brazilsouth;migrationStage=NotStarted}
{"logTime": "0625/195549", "correlationVector":"8P8dD4K+32+T5aCTxXc+zN","action":"Commit Request", "result":"", "context":Item count: 3
Contributing types: Sessions, History}
{"logTime": "0625/195550", "correlationVector":"8P8dD4K+32+T5aCTxXc+zN.1","action":"SyncServerConnectionManagerRequest", "result":"SYNC_SERVER_OK", "context":{"environment":"Prod_brazilsouth_prod-s01-001-sam-brazilsouth", "migrationStage":"NotStarted", "server":"akswtt00500001z"}}
{"logTime": "0625/195550", "correlationVector":"8P8dD4K+32+T5aCTxXc+zN.2","action":"Commit Response", "result":"Success", "context":Result: Success. cV=8P8dD4K+32+T5aCTxXc+zN.0;server=akswtt00500001z;cloudType=Consumer;environment=Prod_brazilsouth_prod-s01-001-sam-brazilsouth;migrationStage=NotStarted}
{"logTime": "0625/195704", "correlationVector":"XSe41O3/JJ7ImhUyMQvned","action":"Commit Request", "result":"", "context":Item count: 4
Contributing types: Sessions, History}
{"logTime": "0625/195705", "correlationVector":"XSe41O3/JJ7ImhUyMQvned.1","action":"SyncServerConnectionManagerRequest", "result":"SYNC_SERVER_OK", "context":{"environment":"Prod_brazilsouth_prod-s01-001-sam-brazilsouth", "migrationStage":"NotStarted", "server":"akswtt00500001z"}}
{"logTime": "0625/195705", "correlationVector":"XSe41O3/JJ7ImhUyMQvned.2","action":"Commit Response", "result":"Success", "context":Result: Success. cV=XSe41O3/JJ7ImhUyMQvned.0;server=akswtt00500001z;cloudType=Consumer;environment=Prod_brazilsouth_prod-s01-001-sam-brazilsouth;migrationStage=NotStarted}
{"logTime": "0625/200130", "correlationVector":"aKZ1RWt3jne53Gv9m9ZxOk","action":"Commit Request", "result":"", "context":Item count: 3
Contributing types: Sessions, History}
{"logTime": "0625/200131", "correlationVector":"aKZ1RWt3jne53Gv9m9ZxOk.1","action":"SyncServerConnectionManagerRequest", "result":"SYNC_SERVER_OK", "context":{"environment":"Prod_brazilsouth_prod-s01-001-sam-brazilsouth", "migrationStage":"NotStarted", "server":"akswtt00500002g"}}
{"logTime": "0625/200131", "correlationVector":"aKZ1RWt3jne53Gv9m9ZxOk.2","action":"Commit Response", "result":"Success", "context":Result: Success. cV=aKZ1RWt3jne53Gv9m9ZxOk.0;server=akswtt00500002g;cloudType=Consumer;environment=Prod_brazilsouth_prod-s01-001-sam-brazilsouth;migrationStage=NotStarted}
{"logTime": "0625/200725", "correlationVector":"Rx3XnCvKSu1Yir9r6WILxe.1","action":"SyncServerConnectionManagerRequest", "result":"SYNC_SERVER_OK", "context":{"environment":"Prod_brazilsouth_prod-s01-001-sam-brazilsouth", "migrationStage":"NotStarted", "server":"akswtt00500001g"}}
{"logTime": "0625/200725", "correlationVector":"Rx3XnCvKSu1Yir9r6WILxe.2","action":"ProcessGetUpdates", "result":"Done", "context":{"dataType":"Encryption Keys", "deleted":"0", "process_failed_to_decrypt":"0", "process_pending_decryption":"0", "process_success":"1", "total":"1"}}
{"logTime": "0625/200725", "correlationVector":"nbCylt6iYwt67313GuACvi","action":"SyncServerConnectionManagerRequest", "result":"SYNC_SERVER_OK", "context":{"environment":"", "migrationStage":"", "server":""}}
{"logTime": "0625/200725", "correlationVector":"nbCylt6iYwt67313GuACvi.0","action":"EncryptionKeysFetcher.DownloadKeys:", "result":"Success", "context":Key count: 8, Last key timestamp: 2025-12-31T16:20:48Z}
{"logTime": "0625/200725", "correlationVector":"nbCylt6iYwt67313GuACvi.1","action":"EncryptionKeysManager::SetEncryptionKeys:", "result":"Success", "context":Key names[8]:[SAFQmyVbTqC8B45fBFrG66/YtYqc5cmw3nECn4AEep8ORNC6KqTPJ57NlXowYmpaX/Eg9wO9zllB46vsUbzhQQ==][VRGObfgXJyGIvXi8Ig0k9CpAjhNGsjxvA51Xs5CZJAeeXRUQmu79Y74DiXs6dCskEvffEFJ6ATCta4NzDdZmnw==][A6AgGXJvKSjSay+1jyrW3YHpp8K1pF/2wniazNLeWyon/v0z9xkM7PkI06FSW5oP9H26oW6jUfaHq3bGUSPA3g==][o0smj0YRY3ZEKFmkh/I8W/tHhpc99uaNdWxS2eayQIYkkzezdBBdPFbgPZlgyrtQurpVjE9Lt0GdSSeIhOEXvA==][aoegBm9aHPxz6O4nnFBC6HRWoBmIuE5DgykZ5y0e8xs3m3vQmTtsP0bOUVTEoaMfpBvsDphS8oc/k4lml2ipXQ==][vnHsCz1dyRikvYv+OrSIxJoRwCQu4Tw7p4FXYXh90Z8eHY/6nKukwulIBjg65NAGXC7W7DhEVnXyCEXkqogcug==][81lbomeD5uJbDeox4LRXwJgATay7NlJc9XBEPWneDyWqhD6kz1TXyIP+GRKgZg308KQibb8BX9WnpDbpLnn41w==][hwk+X3UAbCY8D0DHvQYcNahPJPokfwP21IgQKhRU8OG4BXQI2g4VrbbsrmI9+DWfih2rq/BOc3dDyrVx5L8D4Q==]}
{"logTime": "0625/200725", "correlationVector":"nbCylt6iYwt67313GuACvi.2","action":"EncryptionKeysManager::SetEncryptionKeysWithTimestamps:", "result":"Success", "context":Key timestamps[8]:[2021-10-23T21:14:49Z][2022-04-22T01:03:31Z][2022-12-09T16:14:23Z][2023-07-05T02:28:13Z][2024-01-04T01:50:52Z][2024-12-06T21:49:33Z][2025-06-26T20:50:02Z][2025-12-31T16:20:48Z]}
{"logTime": "0625/200725", "correlationVector":"Rx3XnCvKSu1Yir9r6WILxe","action":"Initial GetUpdates", "result":"", "context":Reason: NEW_CLIENT. cV=Rx3XnCvKSu1Yir9r6WILxe}
{"logTime": "0625/200725", "correlationVector":"Rx3XnCvKSu1Yir9r6WILxe.3","action":"GetUpdates Response", "result":"Success", "context":Received 1 update(s). cV=Rx3XnCvKSu1Yir9r6WILxe.0;server=akswtt00500001g;cloudType=Consumer;environment=Prod_brazilsouth_prod-s01-001-sam-brazilsouth;migrationStage=NotStarted}
{"logTime": "0625/200725", "correlationVector":"Psp50GuvytLZVuw7vqH3JC","action":"Initial GetUpdates", "result":"", "context":Reason: NEWLY_SUPPORTED_DATATYPE. cV=Psp50GuvytLZVuw7vqH3JC}
{"logTime": "0625/200725", "correlationVector":"Psp50GuvytLZVuw7vqH3JC.1","action":"SyncServerConnectionManagerRequest", "result":"SYNC_SERVER_OK", "context":{"environment":"Prod_brazilsouth_prod-s01-001-sam-brazilsouth", "migrationStage":"NotStarted", "server":"akswtt00500001w"}}
{"logTime": "0625/200725", "correlationVector":"Psp50GuvytLZVuw7vqH3JC.2","action":"ProcessGetUpdates", "result":"Done", "context":{"dataType":"Passwords", "deleted":"0", "process_failed_to_decrypt":"0", "process_pending_decryption":"0", "process_success":"22", "total":"22"}}
{"logTime": "0625/200725", "correlationVector":"Psp50GuvytLZVuw7vqH3JC.3","action":"GetUpdates Response", "result":"Success", "context":Received 22 update(s). cV=Psp50GuvytLZVuw7vqH3JC.0;server=akswtt00500001w;cloudType=Consumer;environment=Prod_brazilsouth_prod-s01-001-sam-brazilsouth;migrationStage=NotStarted}
{"logTime": "0625/200725", "correlationVector":"yscpXSJ+tTIwmIvmug0k9C","action":"Normal GetUpdate request", "result":"", "context":cV=yscpXSJ+tTIwmIvmug0k9C
Nudged types: Sessions, History
Refresh requested types: Bookmarks, Preferences, Passwords, Autofill Profiles, Autofill, Extensions, Sessions, Extension settings, History Delete Directives, Device Info, User Consents, Send Tab To Self, Web Apps, History, Saved Tab Group, WebAuthn Credentials, Edge E Drop, Edge Hub App Usage, Edge Wallet, Edge Workspace, Encryption Keys}
{"logTime": "0625/200726", "correlationVector":"yscpXSJ+tTIwmIvmug0k9C.1","action":"SyncServerConnectionManagerRequest", "result":"SYNC_SERVER_OK", "context":{"environment":"Prod_brazilsouth_prod-s01-001-sam-brazilsouth", "migrationStage":"NotStarted", "server":"akswtt00500002p"}}
{"logTime": "0625/200726", "correlationVector":"yscpXSJ+tTIwmIvmug0k9C.2","action":"ProcessGetUpdates", "result":"Done", "context":{"dataType":"Sessions", "deleted":"0", "process_failed_to_decrypt":"0", "process_pending_decryption":"0", "process_success":"2", "total":"2"}}
{"logTime": "0625/200726", "correlationVector":"yscpXSJ+tTIwmIvmug0k9C.3","action":"ProcessGetUpdates", "result":"Done", "context":{"dataType":"Device Info", "deleted":"0", "process_failed_to_decrypt":"0", "process_pending_decryption":"0", "process_success":"1", "total":"1"}}
{"logTime": "0625/200726", "correlationVector":"yscpXSJ+tTIwmIvmug0k9C.4","action":"ProcessGetUpdates", "result":"Done", "context":{"dataType":"History", "deleted":"0", "process_failed_to_decrypt":"0", "process_pending_decryption":"0", "process_success":"11", "total":"11"}}
{"logTime": "0625/200726", "correlationVector":"yscpXSJ+tTIwmIvmug0k9C.5","action":"GetUpdates Response", "result":"Success", "context":Received 14 update(s). cV=yscpXSJ+tTIwmIvmug0k9C.0;server=akswtt00500002p;cloudType=Consumer;environment=Prod_brazilsouth_prod-s01-001-sam-brazilsouth;migrationStage=NotStarted}
{"logTime": "0625/200726", "correlationVector":"vb3CNCW/brZIbBPehudAPK","action":"Commit Request", "result":"", "context":Item count: 4
Contributing types: Sessions, History}
{"logTime": "0625/200727", "correlationVector":"vb3CNCW/brZIbBPehudAPK.1","action":"SyncServerConnectionManagerRequest", "result":"SYNC_SERVER_OK", "context":{"environment":"Prod_brazilsouth_prod-s01-001-sam-brazilsouth", "migrationStage":"NotStarted", "server":"akswtt00500002k"}}
{"logTime": "0625/200727", "correlationVector":"vb3CNCW/brZIbBPehudAPK.2","action":"Commit Response", "result":"Success", "context":Result: Success. cV=vb3CNCW/brZIbBPehudAPK.0;server=akswtt00500002k;cloudType=Consumer;environment=Prod_brazilsouth_prod-s01-001-sam-brazilsouth;migrationStage=NotStarted}
{"logTime": "0625/200827", "correlationVector":"QbIFK9FfGOyLKDNuPOBYyj","action":"Commit Request", "result":"", "context":Item count: 4
Contributing types: Sessions, History}
{"logTime": "0625/200828", "correlationVector":"QbIFK9FfGOyLKDNuPOBYyj.1","action":"SyncServerConnectionManagerRequest", "result":"SYNC_SERVER_OK", "context":{"environment":"Prod_brazilsouth_prod-s01-001-sam-brazilsouth", "migrationStage":"NotStarted", "server":"akswtt00500002r"}}
{"logTime": "0625/200828", "correlationVector":"QbIFK9FfGOyLKDNuPOBYyj.3","action":"Commit.Sessions", "result":"Success", "context":{"id":"dc2d176a-e8c8-4b4f-9637-1f934a7c6172", "isDeleted":"true", "size":"0", "version":"1782418046864"}}
{"logTime": "0625/200828", "correlationVector":"QbIFK9FfGOyLKDNuPOBYyj.2","action":"Commit Response", "result":"Success", "context":Result: Success. cV=QbIFK9FfGOyLKDNuPOBYyj.0;server=akswtt00500002r;cloudType=Consumer;environment=Prod_brazilsouth_prod-s01-001-sam-brazilsouth;migrationStage=NotStarted}
{"logTime": "0625/201445", "correlationVector":"wMWsBVEeBKO9rOl6xvjyzw","action":"Commit Request", "result":"", "context":Item count: 3
Contributing types: Sessions, History}
{"logTime": "0625/201446", "correlationVector":"wMWsBVEeBKO9rOl6xvjyzw.1","action":"SyncServerConnectionManagerRequest", "result":"SYNC_SERVER_OK", "context":{"environment":"Prod_brazilsouth_prod-s01-001-sam-brazilsouth", "migrationStage":"NotStarted", "server":"akswtt005000021"}}
{"logTime": "0625/201446", "correlationVector":"wMWsBVEeBKO9rOl6xvjyzw.2","action":"Commit Response", "result":"Success", "context":Result: Success. cV=wMWsBVEeBKO9rOl6xvjyzw.0;server=akswtt005000021;cloudType=Consumer;environment=Prod_brazilsouth_prod-s01-001-sam-brazilsouth;migrationStage=NotStarted}
{"logTime": "0625/201646", "correlationVector":"f5XFCih5xdE0mScQj30ny5","action":"Commit Request", "result":"", "context":Item count: 3
Contributing types: Sessions, History}
{"logTime": "0625/201647", "correlationVector":"f5XFCih5xdE0mScQj30ny5.1","action":"SyncServerConnectionManagerRequest", "result":"SYNC_SERVER_OK", "context":{"environment":"Prod_brazilsouth_prod-s01-001-sam-brazilsouth", "migrationStage":"NotStarted", "server":"akswtt00500002t"}}
{"logTime": "0625/201647", "correlationVector":"f5XFCih5xdE0mScQj30ny5.2","action":"Commit Response", "result":"Success", "context":Result: Success. cV=f5XFCih5xdE0mScQj30ny5.0;server=akswtt00500002t;cloudType=Consumer;environment=Prod_brazilsouth_prod-s01-001-sam-brazilsouth;migrationStage=NotStarted}
{"logTime": "0625/201855", "correlationVector":"TOKaGu0kliOOTU5qMS1qTH","action":"Commit Request", "result":"", "context":Item count: 3
Contributing types: Sessions, History}
{"logTime": "0625/201856", "correlationVector":"TOKaGu0kliOOTU5qMS1qTH.1","action":"SyncServerConnectionManagerRequest", "result":"SYNC_SERVER_OK", "context":{"environment":"Prod_brazilsouth_prod-s01-001-sam-brazilsouth", "migrationStage":"NotStarted", "server":"akswtt00500001g"}}
{"logTime": "0625/201856", "correlationVector":"TOKaGu0kliOOTU5qMS1qTH.2","action":"Commit Response", "result":"Success", "context":Result: Success. cV=TOKaGu0kliOOTU5qMS1qTH.0;server=akswtt00500001g;cloudType=Consumer;environment=Prod_brazilsouth_prod-s01-001-sam-brazilsouth;migrationStage=NotStarted}
{"logTime": "0625/202056", "correlationVector":"cxVx3vYYl8MsZqDufLUrM+","action":"Commit Request", "result":"", "context":Item count: 1
Contributing types: Sessions}
{"logTime": "0625/202057", "correlationVector":"cxVx3vYYl8MsZqDufLUrM+.1","action":"SyncServerConnectionManagerRequest", "result":"SYNC_SERVER_OK", "context":{"environment":"Prod_brazilsouth_prod-s01-001-sam-brazilsouth", "migrationStage":"NotStarted", "server":"akswtt00500001m"}}
{"logTime": "0625/202057", "correlationVector":"cxVx3vYYl8MsZqDufLUrM+.2","action":"Commit Response", "result":"Success", "context":Result: Success. cV=cxVx3vYYl8MsZqDufLUrM+.0;server=akswtt00500001m;cloudType=Consumer;environment=Prod_brazilsouth_prod-s01-001-sam-brazilsouth;migrationStage=NotStarted}
{"logTime": "0625/202748", "correlationVector":"CDkJZBgJeQaKhhWeWjvmjC","action":"Commit Request", "result":"", "context":Item count: 4
Contributing types: Sessions, History}
{"logTime": "0625/202750", "correlationVector":"CDkJZBgJeQaKhhWeWjvmjC.1","action":"SyncServerConnectionManagerRequest", "result":"SYNC_SERVER_OK", "context":{"environment":"Prod_brazilsouth_prod-s01-001-sam-brazilsouth", "migrationStage":"NotStarted", "server":"akswtt00500001j"}}
{"logTime": "0625/202750", "correlationVector":"CDkJZBgJeQaKhhWeWjvmjC.2","action":"Commit Response", "result":"Success", "context":Result: Success. cV=CDkJZBgJeQaKhhWeWjvmjC.0;server=akswtt00500001j;cloudType=Consumer;environment=Prod_brazilsouth_prod-s01-001-sam-brazilsouth;migrationStage=NotStarted}
{"logTime": "0625/203358", "correlationVector":"YHso+nBYuz+oqICyUQId9L","action":"Commit Request", "result":"", "context":Item count: 4
Contributing types: Sessions, History}
{"logTime": "0625/203359", "correlationVector":"YHso+nBYuz+oqICyUQId9L.1","action":"SyncServerConnectionManagerRequest", "result":"SYNC_SERVER_OK", "context":{"environment":"Prod_brazilsouth_prod-s01-001-sam-brazilsouth", "migrationStage":"NotStarted", "server":"akswtt00500002e"}}
{"logTime": "0625/203359", "correlationVector":"YHso+nBYuz+oqICyUQId9L.2","action":"Commit Response", "result":"Success", "context":Result: Success. cV=YHso+nBYuz+oqICyUQId9L.0;server=akswtt00500002e;cloudType=Consumer;environment=Prod_brazilsouth_prod-s01-001-sam-brazilsouth;migrationStage=NotStarted}
{"logTime": "0625/204514", "correlationVector":"SDh0kko7TAHcqY7rekRM4u.1","action":"SyncServerConnectionManagerRequest", "result":"SYNC_SERVER_OK", "context":{"environment":"Prod_brazilsouth_prod-s01-001-sam-brazilsouth", "migrationStage":"NotStarted", "server":"akswtt00500002g"}}
{"logTime": "0625/204514", "correlationVector":"SDh0kko7TAHcqY7rekRM4u.2","action":"ProcessGetUpdates", "result":"Done", "context":{"dataType":"Encryption Keys", "deleted":"0", "process_failed_to_decrypt":"0", "process_pending_decryption":"0", "process_success":"1", "total":"1"}}
{"logTime": "0625/204515", "correlationVector":"w0nQqrv1Y037TkfM566LlZ","action":"SyncServerConnectionManagerRequest", "result":"SYNC_SERVER_OK", "context":{"environment":"", "migrationStage":"", "server":""}}
{"logTime": "0625/204515", "correlationVector":"w0nQqrv1Y037TkfM566LlZ.0","action":"EncryptionKeysFetcher.DownloadKeys:", "result":"Success", "context":Key count: 8, Last key timestamp: 2025-12-31T16:20:48Z}
{"logTime": "0625/204515", "correlationVector":"w0nQqrv1Y037TkfM566LlZ.1","action":"EncryptionKeysManager::SetEncryptionKeys:", "result":"Success", "context":Key names[8]:[SAFQmyVbTqC8B45fBFrG66/YtYqc5cmw3nECn4AEep8ORNC6KqTPJ57NlXowYmpaX/Eg9wO9zllB46vsUbzhQQ==][VRGObfgXJyGIvXi8Ig0k9CpAjhNGsjxvA51Xs5CZJAeeXRUQmu79Y74DiXs6dCskEvffEFJ6ATCta4NzDdZmnw==][A6AgGXJvKSjSay+1jyrW3YHpp8K1pF/2wniazNLeWyon/v0z9xkM7PkI06FSW5oP9H26oW6jUfaHq3bGUSPA3g==][o0smj0YRY3ZEKFmkh/I8W/tHhpc99uaNdWxS2eayQIYkkzezdBBdPFbgPZlgyrtQurpVjE9Lt0GdSSeIhOEXvA==][aoegBm9aHPxz6O4nnFBC6HRWoBmIuE5DgykZ5y0e8xs3m3vQmTtsP0bOUVTEoaMfpBvsDphS8oc/k4lml2ipXQ==][vnHsCz1dyRikvYv+OrSIxJoRwCQu4Tw7p4FXYXh90Z8eHY/6nKukwulIBjg65NAGXC7W7DhEVnXyCEXkqogcug==][81lbomeD5uJbDeox4LRXwJgATay7NlJc9XBEPWneDyWqhD6kz1TXyIP+GRKgZg308KQibb8BX9WnpDbpLnn41w==][hwk+X3UAbCY8D0DHvQYcNahPJPokfwP21IgQKhRU8OG4BXQI2g4VrbbsrmI9+DWfih2rq/BOc3dDyrVx5L8D4Q==]}
{"logTime": "0625/204515", "correlationVector":"w0nQqrv1Y037TkfM566LlZ.2","action":"EncryptionKeysManager::SetEncryptionKeysWithTimestamps:", "result":"Success", "context":Key timestamps[8]:[2021-10-23T21:14:49Z][2022-04-22T01:03:31Z][2022-12-09T16:14:23Z][2023-07-05T02:28:13Z][2024-01-04T01:50:52Z][2024-12-06T21:49:33Z][2025-06-26T20:50:02Z][2025-12-31T16:20:48Z]}
{"logTime": "0625/204515", "correlationVector":"SDh0kko7TAHcqY7rekRM4u","action":"Initial GetUpdates", "result":"", "context":Reason: NEW_CLIENT. cV=SDh0kko7TAHcqY7rekRM4u}
{"logTime": "0625/204515", "correlationVector":"SDh0kko7TAHcqY7rekRM4u.3","action":"GetUpdates Response", "result":"Success", "context":Received 1 update(s). cV=SDh0kko7TAHcqY7rekRM4u.0;server=akswtt00500002g;cloudType=Consumer;environment=Prod_brazilsouth_prod-s01-001-sam-brazilsouth;migrationStage=NotStarted}
{"logTime": "0625/204515", "correlationVector":"rj7IchGBCyrWm4HGtVN6P4","action":"Initial GetUpdates", "result":"", "context":Reason: NEWLY_SUPPORTED_DATATYPE. cV=rj7IchGBCyrWm4HGtVN6P4}
{"logTime": "0625/204515", "correlationVector":"rj7IchGBCyrWm4HGtVN6P4.1","action":"SyncServerConnectionManagerRequest", "result":"SYNC_SERVER_OK", "context":{"environment":"Prod_brazilsouth_prod-s01-001-sam-brazilsouth", "migrationStage":"NotStarted", "server":"akswtt005000017"}}
{"logTime": "0625/204515", "correlationVector":"rj7IchGBCyrWm4HGtVN6P4.2","action":"ProcessGetUpdates", "result":"Done", "context":{"dataType":"Preferences", "deleted":"0", "process_failed_to_decrypt":"0", "process_pending_decryption":"0", "process_success":"72", "total":"72"}}
{"logTime": "0625/204515", "correlationVector":"rj7IchGBCyrWm4HGtVN6P4.3","action":"ProcessGetUpdates", "result":"Done", "context":{"dataType":"Passwords", "deleted":"0", "process_failed_to_decrypt":"0", "process_pending_decryption":"0", "process_success":"22", "total":"22"}}
{"logTime": "0625/204515", "correlationVector":"rj7IchGBCyrWm4HGtVN6P4.4","action":"ProcessGetUpdates", "result":"Done", "context":{"dataType":"Device Info", "deleted":"0", "process_failed_to_decrypt":"0", "process_pending_decryption":"0", "process_success":"34", "total":"34"}}
{"logTime": "0625/204515", "correlationVector":"rj7IchGBCyrWm4HGtVN6P4.5","action":"GetUpdates Response", "result":"Success", "context":Received 128 update(s). cV=rj7IchGBCyrWm4HGtVN6P4.0;server=akswtt005000017;cloudType=Consumer;environment=Prod_brazilsouth_prod-s01-001-sam-brazilsouth;migrationStage=NotStarted}
{"logTime": "0625/204515", "correlationVector":"Yhd6q2HdabKZ8/qeENnTQU","action":"Initial GetUpdates", "result":"", "context":Reason: NEWLY_SUPPORTED_DATATYPE. cV=Yhd6q2HdabKZ8/qeENnTQU}
{"logTime": "0625/204516", "correlationVector":"Yhd6q2HdabKZ8/qeENnTQU.1","action":"SyncServerConnectionManagerRequest", "result":"SYNC_SERVER_OK", "context":{"environment":"Prod_brazilsouth_prod-s01-001-sam-brazilsouth", "migrationStage":"NotStarted", "server":"akswtt00500002p"}}
{"logTime": "0625/204516", "correlationVector":"Yhd6q2HdabKZ8/qeENnTQU.2","action":"ProcessGetUpdates", "result":"Done", "context":{"dataType":"Bookmarks", "deleted":"0", "process_failed_to_decrypt":"0", "process_pending_decryption":"0", "process_success":"23", "total":"23"}}
{"logTime": "0625/204516", "correlationVector":"Yhd6q2HdabKZ8/qeENnTQU.3","action":"GetUpdates Response", "result":"Success", "context":Received 23 update(s). cV=Yhd6q2HdabKZ8/qeENnTQU.0;server=akswtt00500002p;cloudType=Consumer;environment=Prod_brazilsouth_prod-s01-001-sam-brazilsouth;migrationStage=NotStarted}
{"logTime": "0625/204516", "correlationVector":"G6jONDKfX6617KtDwkBvfj","action":"Initial GetUpdates", "result":"", "context":Reason: NEWLY_SUPPORTED_DATATYPE. cV=G6jONDKfX6617KtDwkBvfj}
{"logTime": "0625/204517", "correlationVector":"G6jONDKfX6617KtDwkBvfj.1","action":"SyncServerConnectionManagerRequest", "result":"SYNC_SERVER_OK", "context":{"environment":"Prod_brazilsouth_prod-s01-001-sam-brazilsouth", "migrationStage":"NotStarted", "server":"akswtt005000021"}}
{"logTime": "0625/204517", "correlationVector":"G6jONDKfX6617KtDwkBvfj.2","action":"ProcessGetUpdates", "result":"Done", "context":{"dataType":"Autofill", "deleted":"0", "process_failed_to_decrypt":"0", "process_pending_decryption":"0", "process_success":"250", "total":"250"}}
{"logTime": "0625/204517", "correlationVector":"G6jONDKfX6617KtDwkBvfj.3","action":"GetUpdates Response", "result":"Success", "context":Received 250 update(s). cV=G6jONDKfX6617KtDwkBvfj.0;server=akswtt005000021;cloudType=Consumer;environment=Prod_brazilsouth_prod-s01-001-sam-brazilsouth;migrationStage=NotStarted Some updates remain.}
{"logTime": "0625/204517", "correlationVector":"fH9RGnYaMeVDZTPTfgEWU8","action":"Initial GetUpdates", "result":"", "context":Reason: NEWLY_SUPPORTED_DATATYPE. cV=fH9RGnYaMeVDZTPTfgEWU8}
{"logTime": "0625/204517", "correlationVector":"fH9RGnYaMeVDZTPTfgEWU8.1","action":"SyncServerConnectionManagerRequest", "result":"SYNC_SERVER_OK", "context":{"environment":"Prod_brazilsouth_prod-s01-001-sam-brazilsouth", "migrationStage":"NotStarted", "server":"akswtt00500001v"}}
{"logTime": "0625/204517", "correlationVector":"fH9RGnYaMeVDZTPTfgEWU8.2","action":"ProcessGetUpdates", "result":"Done", "context":{"dataType":"Autofill Profiles", "deleted":"0", "process_failed_to_decrypt":"0", "process_pending_decryption":"0", "process_success":"1", "total":"1"}}
{"logTime": "0625/204517", "correlationVector":"fH9RGnYaMeVDZTPTfgEWU8.3","action":"ProcessGetUpdates", "result":"Done", "context":{"dataType":"Autofill", "deleted":"0", "process_failed_to_decrypt":"0", "process_pending_decryption":"0", "process_success":"182", "total":"182"}}
{"logTime": "0625/204517", "correlationVector":"fH9RGnYaMeVDZTPTfgEWU8.4","action":"ProcessGetUpdates", "result":"Done", "context":{"dataType":"Sessions", "deleted":"7", "process_failed_to_decrypt":"0", "process_pending_decryption":"0", "process_success":"13", "total":"13"}}
{"logTime": "0625/204517", "correlationVector":"fH9RGnYaMeVDZTPTfgEWU8.5","action":"ProcessGetUpdates", "result":"Done", "context":{"dataType":"Edge Hub App Usage", "deleted":"2", "process_failed_to_decrypt":"0", "process_pending_decryption":"0", "process_success":"5", "total":"5"}}
{"logTime": "0625/204517", "correlationVector":"fH9RGnYaMeVDZTPTfgEWU8.6","action":"GetUpdates Response", "result":"Success", "context":Received 201 update(s). cV=fH9RGnYaMeVDZTPTfgEWU8.0;server=akswtt00500001v;cloudType=Consumer;environment=Prod_brazilsouth_prod-s01-001-sam-brazilsouth;migrationStage=NotStarted}
{"logTime": "0625/204517", "correlationVector":"Iibg7+fmAp2wwQemCeHZZB","action":"Initial GetUpdates", "result":"", "context":Reason: NEWLY_SUPPORTED_DATATYPE. cV=Iibg7+fmAp2wwQemCeHZZB}
{"logTime": "0625/204518", "correlationVector":"Iibg7+fmAp2wwQemCeHZZB.1","action":"SyncServerConnectionManagerRequest", "result":"SYNC_SERVER_OK", "context":{"environment":"Prod_brazilsouth_prod-s01-001-sam-brazilsouth", "migrationStage":"NotStarted", "server":"akswtt00500001g"}}
{"logTime": "0625/204518", "correlationVector":"Iibg7+fmAp2wwQemCeHZZB.2","action":"ProcessGetUpdates", "result":"Done", "context":{"dataType":"History", "deleted":"0", "process_failed_to_decrypt":"0", "process_pending_decryption":"0", "process_success":"30", "total":"30"}}
{"logTime": "0625/204518", "correlationVector":"Iibg7+fmAp2wwQemCeHZZB.3","action":"GetUpdates Response", "result":"Success", "context":Received 30 update(s). cV=Iibg7+fmAp2wwQemCeHZZB.0;server=akswtt00500001g;cloudType=Consumer;environment=Prod_brazilsouth_prod-s01-001-sam-brazilsouth;migrationStage=NotStarted}
{"logTime": "0625/204518", "correlationVector":"KdJYQRfN7xQdlNpBUvtww1","action":"Normal GetUpdate request", "result":"", "context":cV=KdJYQRfN7xQdlNpBUvtww1
Nudged types: Sessions, Device Info
Refresh requested types: Bookmarks, Preferences, Passwords, Autofill Profiles, Autofill, Extensions, Sessions, Extension settings, History Delete Directives, Device Info, User Consents, Send Tab To Self, Web Apps, History, Saved Tab Group, WebAuthn Credentials, Edge E Drop, Edge Hub App Usage, Edge Wallet, Edge Workspace, Encryption Keys}
{"logTime": "0625/204518", "correlationVector":"KdJYQRfN7xQdlNpBUvtww1.1","action":"SyncServerConnectionManagerRequest", "result":"SYNC_SERVER_OK", "context":{"environment":"Prod_brazilsouth_prod-s01-001-sam-brazilsouth", "migrationStage":"NotStarted", "server":"akswtt00500002r"}}
{"logTime": "0625/204518", "correlationVector":"KdJYQRfN7xQdlNpBUvtww1.2","action":"GetUpdates Response", "result":"Success", "context":Received 0 update(s). cV=KdJYQRfN7xQdlNpBUvtww1.0;server=akswtt00500002r;cloudType=Consumer;environment=Prod_brazilsouth_prod-s01-001-sam-brazilsouth;migrationStage=NotStarted}
{"logTime": "0625/204518", "correlationVector":"TlRtPO/523VaJaNbmHAqqF","action":"Commit Request", "result":"", "context":Item count: 3
Contributing types: Sessions, Device Info}
{"logTime": "0625/204519", "correlationVector":"TlRtPO/523VaJaNbmHAqqF.1","action":"SyncServerConnectionManagerRequest", "result":"SYNC_SERVER_OK", "context":{"environment":"Prod_brazilsouth_prod-s01-001-sam-brazilsouth", "migrationStage":"NotStarted", "server":"akswtt00500001w"}}
{"logTime": "0625/204519", "correlationVector":"TlRtPO/523VaJaNbmHAqqF.2","action":"Commit Response", "result":"Success", "context":Result: Success. cV=TlRtPO/523VaJaNbmHAqqF.0;server=akswtt00500001w;cloudType=Consumer;environment=Prod_brazilsouth_prod-s01-001-sam-brazilsouth;migrationStage=NotStarted}
{"logTime": "0625/204621", "correlationVector":"iH3ATWdHO5DHDz4pzfbW6N","action":"Commit Request", "result":"", "context":Item count: 3
Contributing types: Sessions, History}
{"logTime": "0625/204622", "correlationVector":"iH3ATWdHO5DHDz4pzfbW6N.1","action":"SyncServerConnectionManagerRequest", "result":"SYNC_SERVER_OK", "context":{"environment":"Prod_brazilsouth_prod-s01-001-sam-brazilsouth", "migrationStage":"NotStarted", "server":"akswtt005000020"}}
{"logTime": "0625/204622", "correlationVector":"iH3ATWdHO5DHDz4pzfbW6N.2","action":"Commit Response", "result":"Success", "context":Result: Success. cV=iH3ATWdHO5DHDz4pzfbW6N.0;server=akswtt005000020;cloudType=Consumer;environment=Prod_brazilsouth_prod-s01-001-sam-brazilsouth;migrationStage=NotStarted}
